{
  "RSpec": {
    "coverage": {
      "/Users/bbusk/workspace/gems/awesome_tooltip/spec/dummy/config/environment.rb": {
        "lines": [
          null,
          1,
          null,
          null,
          1
        ]
      },
      "/Users/bbusk/workspace/gems/awesome_tooltip/spec/dummy/config/application.rb": {
        "lines": [
          1,
          null,
          1,
          null,
          1,
          1,
          null,
          1,
          1,
          null,
          1,
          null,
          null,
          null,
          null,
          null,
          null,
          null,
          null
        ]
      },
      "/Users/bbusk/workspace/gems/awesome_tooltip/spec/dummy/config/boot.rb": {
        "lines": [
          null,
          1,
          null,
          1,
          1
        ]
      },
      "/Users/bbusk/workspace/gems/awesome_tooltip/lib/awesome_tooltip.rb": {
        "lines": [
          1,
          1,
          null,
          1,
          null
        ]
      },
      "/Users/bbusk/workspace/gems/awesome_tooltip/lib/awesome_tooltip/railtie.rb": {
        "lines": [
          1,
          1,
          null,
          null
        ]
      },
      "/Users/bbusk/workspace/gems/awesome_tooltip/lib/awesome_tooltip/engine.rb": {
        "lines": [
          1,
          1,
          1,
          null,
          1,
          1,
          null,
          null,
          null,
          null,
          null,
          1,
          1,
          null,
          null,
          null
        ]
      },
      "/Users/bbusk/workspace/gems/awesome_tooltip/spec/dummy/config/environments/test.rb": {
        "lines": [
          null,
          null,
          null,
          null,
          null,
          1,
          null,
          null,
          1,
          null,
          null,
          null,
          null,
          1,
          null,
          null,
          1,
          1,
          null,
          null,
          null,
          null,
          1,
          1,
          1,
          null,
          null,
          1,
          null,
          null,
          1,
          null,
          null,
          1,
          null,
          1,
          null,
          null,
          null,
          null,
          1,
          null,
          null,
          1,
          null,
          null,
          null,
          null
        ]
      },
      "/Users/bbusk/workspace/gems/awesome_tooltip/spec/dummy/config/initializers/application_controller_renderer.rb": {
        "lines": [
          null,
          null,
          null,
          null,
          null,
          null,
          null,
          null
        ]
      },
      "/Users/bbusk/workspace/gems/awesome_tooltip/spec/dummy/config/initializers/assets.rb": {
        "lines": [
          null,
          null,
          null,
          1,
          null,
          null,
          null,
          null,
          null,
          null,
          null,
          1
        ]
      },
      "/Users/bbusk/workspace/gems/awesome_tooltip/spec/dummy/config/initializers/backtrace_silencers.rb": {
        "lines": [
          null,
          null,
          null,
          null,
          null,
          null,
          null
        ]
      },
      "/Users/bbusk/workspace/gems/awesome_tooltip/spec/dummy/config/initializers/content_security_policy.rb": {
        "lines": [
          null,
          null,
          null,
          null,
          null,
          null,
          null,
          null,
          null,
          null,
          null,
          null,
          null,
          null,
          null,
          null,
          null,
          null,
          null,
          null,
          null,
          null,
          null,
          null,
          null,
          null,
          null,
          null
        ]
      },
      "/Users/bbusk/workspace/gems/awesome_tooltip/spec/dummy/config/initializers/cookies_serializer.rb": {
        "lines": [
          null,
          null,
          null,
          null,
          1
        ]
      },
      "/Users/bbusk/workspace/gems/awesome_tooltip/spec/dummy/config/initializers/filter_parameter_logging.rb": {
        "lines": [
          null,
          null,
          null,
          1
        ]
      },
      "/Users/bbusk/workspace/gems/awesome_tooltip/spec/dummy/config/initializers/inflections.rb": {
        "lines": [
          null,
          null,
          null,
          null,
          null,
          null,
          null,
          null,
          null,
          null,
          null,
          null,
          null,
          null,
          null,
          null
        ]
      },
      "/Users/bbusk/workspace/gems/awesome_tooltip/spec/dummy/config/initializers/mime_types.rb": {
        "lines": [
          null,
          null,
          null,
          null
        ]
      },
      "/Users/bbusk/workspace/gems/awesome_tooltip/spec/dummy/config/initializers/wrap_parameters.rb": {
        "lines": [
          null,
          null,
          null,
          null,
          null,
          null,
          1,
          1,
          null,
          null,
          null,
          null,
          null,
          null
        ]
      },
      "/Users/bbusk/workspace/gems/awesome_tooltip/spec/factories/project.rb": {
        "lines": [
          1,
          1,
          2,
          2,
          null,
          null
        ]
      },
      "/Users/bbusk/workspace/gems/awesome_tooltip/spec/dummy/config/routes.rb": {
        "lines": [
          1,
          1,
          null,
          1,
          1,
          1,
          null
        ]
      },
      "/Users/bbusk/workspace/gems/awesome_tooltip/config/routes.rb": {
        "lines": [
          1,
          1,
          null
        ]
      },
      "/Users/bbusk/workspace/gems/awesome_tooltip/spec/dummy/app/helpers/application_helper.rb": {
        "lines": [
          1,
          null
        ]
      },
      "/Users/bbusk/workspace/gems/awesome_tooltip/spec/dummy/app/helpers/projects_helper.rb": {
        "lines": [
          1,
          null
        ]
      },
      "/Users/bbusk/workspace/gems/awesome_tooltip/app/controllers/awesome_tooltip/tooltips_controller.rb": {
        "lines": [
          1,
          1,
          null,
          1,
          3,
          null,
          null,
          1,
          null,
          1,
          2,
          null,
          null,
          1,
          1,
          null,
          null,
          1,
          3,
          null,
          null
        ]
      },
      "/Users/bbusk/workspace/gems/awesome_tooltip/spec/dummy/app/controllers/application_controller.rb": {
        "lines": [
          1,
          null
        ]
      },
      "/Users/bbusk/workspace/gems/awesome_tooltip/spec/dummy/app/models/project.rb": {
        "lines": [
          1,
          null
        ]
      },
      "/Users/bbusk/workspace/gems/awesome_tooltip/spec/dummy/app/models/application_record.rb": {
        "lines": [
          1,
          1,
          null
        ]
      }
    },
    "timestamp": 1582103955
  }
}
